Added Component: Designator=C1(0805)
Added Component: Designator=C2(0805)
Added Component: Designator=C3(0805)
Added Component: Designator=C4(0805)
Added Component: Designator=C5(0805)
Added Component: Designator=C6(0805)
Added Component: Designator=C7(0805)
Added Component: Designator=C8(0805)
Added Component: Designator=C9(0805)
Added Component: Designator=C10(0805)
Added Component: Designator=C11(0805)
Added Component: Designator=C12(0805)
Added Component: Designator=C13(0805)
Added Component: Designator=C14(C0805)
Added Component: Designator=C15(0805)
Added Component: Designator=C16(0805)
Added Component: Designator=C17(0805)
Added Component: Designator=C18(0805)
Added Component: Designator=C19(0805)
Added Component: Designator=C20(0805)
Added Component: Designator=C21(0805)
Added Component: Designator=C22(0805)
Added Component: Designator=C23(C0805)
Added Component: Designator=C24(C0805)
Added Component: Designator=CN1(CONN_USB)
Added Component: Designator=CN2(FKV20SN)
Added Component: Designator=D1(3.5X2.8X1.9)
Added Component: Designator=J1(JACK/6-V3)
Added Component: Designator=L1(0402-A)
Added Component: Designator=L2(0402-A)
Added Component: Designator=L3(0402-A)
Added Component: Designator=L4(0402-A)
Added Component: Designator=R1(0805)
Added Component: Designator=R2(0805)
Added Component: Designator=R3(0805)
Added Component: Designator=R4(0805)
Added Component: Designator=R5(0805)
Added Component: Designator=R6(0805)
Added Component: Designator=R7(0805)
Added Component: Designator=R8(0805)
Added Component: Designator=R9(0805)
Added Component: Designator=R10(0805)
Added Component: Designator=R11(0805)
Added Component: Designator=R12(0805)
Added Component: Designator=R13(0805)
Added Component: Designator=SW1(SPST-2)
Added Component: Designator=U1(LQFP_100)
Added Component: Designator=U2(M08A_L)
Added Component: Designator=U3(SOT223_4)
Added Component: Designator=Y1(R38)
Added Pin To Net: NetName=3V3 Pin=C2-1
Added Pin To Net: NetName=3V3 Pin=C3-1
Added Pin To Net: NetName=3V3 Pin=C4-1
Added Pin To Net: NetName=3V3 Pin=C5-1
Added Pin To Net: NetName=3V3 Pin=C6-1
Added Pin To Net: NetName=3V3 Pin=C7-1
Added Pin To Net: NetName=3V3 Pin=C12-1
Added Pin To Net: NetName=3V3 Pin=C22-1
Added Pin To Net: NetName=3V3 Pin=C24-1
Added Pin To Net: NetName=3V3 Pin=CN2-1
Added Pin To Net: NetName=3V3 Pin=CN2-2
Added Pin To Net: NetName=3V3 Pin=L1-1
Added Pin To Net: NetName=3V3 Pin=R1-1
Added Pin To Net: NetName=3V3 Pin=R7-1
Added Pin To Net: NetName=3V3 Pin=R8-1
Added Pin To Net: NetName=3V3 Pin=R9-1
Added Pin To Net: NetName=3V3 Pin=R11-1
Added Pin To Net: NetName=3V3 Pin=R12-1
Added Pin To Net: NetName=3V3 Pin=R13-1
Added Pin To Net: NetName=3V3 Pin=U1-20
Added Pin To Net: NetName=3V3 Pin=U1-28
Added Pin To Net: NetName=3V3 Pin=U1-42
Added Pin To Net: NetName=3V3 Pin=U1-54
Added Pin To Net: NetName=3V3 Pin=U1-71
Added Pin To Net: NetName=3V3 Pin=U1-84
Added Pin To Net: NetName=3V3 Pin=U1-96
Added Pin To Net: NetName=3V3 Pin=U2-6
Added Pin To Net: NetName=3V3 Pin=U3-2
Added Net: Name=3V3
Added Pin To Net: NetName=5V Pin=C19-2
Added Pin To Net: NetName=5V Pin=C20-2
Added Pin To Net: NetName=5V Pin=C21-1
Added Pin To Net: NetName=5V Pin=C23-1
Added Pin To Net: NetName=5V Pin=CN1-1
Added Pin To Net: NetName=5V Pin=U3-3
Added Net: Name=5V
Added Pin To Net: NetName=GND Pin=C1-2
Added Pin To Net: NetName=GND Pin=C2-2
Added Pin To Net: NetName=GND Pin=C3-2
Added Pin To Net: NetName=GND Pin=C4-2
Added Pin To Net: NetName=GND Pin=C5-2
Added Pin To Net: NetName=GND Pin=C6-2
Added Pin To Net: NetName=GND Pin=C7-2
Added Pin To Net: NetName=GND Pin=C10-2
Added Pin To Net: NetName=GND Pin=C11-1
Added Pin To Net: NetName=GND Pin=C12-2
Added Pin To Net: NetName=GND Pin=C13-2
Added Pin To Net: NetName=GND Pin=C16-2
Added Pin To Net: NetName=GND Pin=C17-1
Added Pin To Net: NetName=GND Pin=C18-2
Added Pin To Net: NetName=GND Pin=C19-1
Added Pin To Net: NetName=GND Pin=C20-1
Added Pin To Net: NetName=GND Pin=C21-2
Added Pin To Net: NetName=GND Pin=C22-2
Added Pin To Net: NetName=GND Pin=C23-2
Added Pin To Net: NetName=GND Pin=C24-2
Added Pin To Net: NetName=GND Pin=CN1-4
Added Pin To Net: NetName=GND Pin=CN2-4
Added Pin To Net: NetName=GND Pin=CN2-6
Added Pin To Net: NetName=GND Pin=CN2-8
Added Pin To Net: NetName=GND Pin=CN2-10
Added Pin To Net: NetName=GND Pin=CN2-12
Added Pin To Net: NetName=GND Pin=CN2-14
Added Pin To Net: NetName=GND Pin=CN2-16
Added Pin To Net: NetName=GND Pin=CN2-18
Added Pin To Net: NetName=GND Pin=CN2-20
Added Pin To Net: NetName=GND Pin=D1-2
Added Pin To Net: NetName=GND Pin=J1-5
Added Pin To Net: NetName=GND Pin=L3-1
Added Pin To Net: NetName=GND Pin=R2-2
Added Pin To Net: NetName=GND Pin=R4-1
Added Pin To Net: NetName=GND Pin=R10-1
Added Pin To Net: NetName=GND Pin=SW1-1
Added Pin To Net: NetName=GND Pin=U1-31
Added Pin To Net: NetName=GND Pin=U1-41
Added Pin To Net: NetName=GND Pin=U1-55
Added Pin To Net: NetName=GND Pin=U1-72
Added Pin To Net: NetName=GND Pin=U1-83
Added Pin To Net: NetName=GND Pin=U1-97
Added Pin To Net: NetName=GND Pin=U2-2
Added Pin To Net: NetName=GND Pin=U2-4
Added Pin To Net: NetName=GND Pin=U3-1
Added Net: Name=GND
Added Pin To Net: NetName=NetC1_1 Pin=C1-1
Added Pin To Net: NetName=NetC1_1 Pin=CN2-15
Added Pin To Net: NetName=NetC1_1 Pin=R1-2
Added Pin To Net: NetName=NetC1_1 Pin=SW1-2
Added Pin To Net: NetName=NetC1_1 Pin=U1-17
Added Net: Name=NetC1_1
Added Pin To Net: NetName=NetC10_1 Pin=C10-1
Added Pin To Net: NetName=NetC10_1 Pin=U1-22
Added Pin To Net: NetName=NetC10_1 Pin=Y1-2
Added Net: Name=NetC10_1
Added Pin To Net: NetName=NetC11_2 Pin=C11-2
Added Pin To Net: NetName=NetC11_2 Pin=U1-23
Added Pin To Net: NetName=NetC11_2 Pin=Y1-1
Added Net: Name=NetC11_2
Added Pin To Net: NetName=NetC13_1 Pin=C13-1
Added Pin To Net: NetName=NetC13_1 Pin=U2-7
Added Net: Name=NetC13_1
Added Pin To Net: NetName=NetC14_1 Pin=C14-1
Added Pin To Net: NetName=NetC14_1 Pin=U2-5
Added Net: Name=NetC14_1
Added Pin To Net: NetName=NetC14_2 Pin=C14-2
Added Pin To Net: NetName=NetC14_2 Pin=J1-1
Added Pin To Net: NetName=NetC14_2 Pin=J1-3
Added Net: Name=NetC14_2
Added Pin To Net: NetName=NetC15_1 Pin=C15-1
Added Pin To Net: NetName=NetC15_1 Pin=R3-1
Added Net: Name=NetC15_1
Added Pin To Net: NetName=NetC15_2 Pin=C15-2
Added Pin To Net: NetName=NetC15_2 Pin=U1-6
Added Net: Name=NetC15_2
Added Pin To Net: NetName=NetC16_1 Pin=C16-1
Added Pin To Net: NetName=NetC16_1 Pin=CN1-5
Added Pin To Net: NetName=NetC16_1 Pin=CN1-6
Added Pin To Net: NetName=NetC16_1 Pin=R4-2
Added Net: Name=NetC16_1
Added Pin To Net: NetName=NetC17_2 Pin=C17-2
Added Pin To Net: NetName=NetC17_2 Pin=R5-2
Added Pin To Net: NetName=NetC17_2 Pin=U1-30
Added Net: Name=NetC17_2
Added Pin To Net: NetName=NetC18_1 Pin=C18-1
Added Pin To Net: NetName=NetC18_1 Pin=R6-2
Added Pin To Net: NetName=NetC18_1 Pin=U1-29
Added Net: Name=NetC18_1
Added Pin To Net: NetName=NetCN1_2 Pin=CN1-2
Added Pin To Net: NetName=NetCN1_2 Pin=R5-1
Added Net: Name=NetCN1_2
Added Pin To Net: NetName=NetCN1_3 Pin=CN1-3
Added Pin To Net: NetName=NetCN1_3 Pin=R6-1
Added Net: Name=NetCN1_3
Added Pin To Net: NetName=NetCN2_3 Pin=CN2-3
Added Pin To Net: NetName=NetCN2_3 Pin=R7-2
Added Pin To Net: NetName=NetCN2_3 Pin=U1-4
Added Net: Name=NetCN2_3
Added Pin To Net: NetName=NetCN2_5 Pin=CN2-5
Added Pin To Net: NetName=NetCN2_5 Pin=R8-2
Added Pin To Net: NetName=NetCN2_5 Pin=U1-2
Added Net: Name=NetCN2_5
Added Pin To Net: NetName=NetCN2_7 Pin=CN2-7
Added Pin To Net: NetName=NetCN2_7 Pin=R9-2
Added Pin To Net: NetName=NetCN2_7 Pin=U1-3
Added Net: Name=NetCN2_7
Added Pin To Net: NetName=NetCN2_9 Pin=CN2-9
Added Pin To Net: NetName=NetCN2_9 Pin=R10-2
Added Pin To Net: NetName=NetCN2_9 Pin=U1-5
Added Net: Name=NetCN2_9
Added Pin To Net: NetName=NetCN2_11 Pin=CN2-11
Added Pin To Net: NetName=NetCN2_11 Pin=R11-2
Added Pin To Net: NetName=NetCN2_11 Pin=U1-100
Added Net: Name=NetCN2_11
Added Pin To Net: NetName=NetCN2_13 Pin=CN2-13
Added Pin To Net: NetName=NetCN2_13 Pin=R12-2
Added Pin To Net: NetName=NetCN2_13 Pin=U1-1
Added Net: Name=NetCN2_13
Added Pin To Net: NetName=NetD1_1 Pin=D1-1
Added Pin To Net: NetName=NetD1_1 Pin=R13-2
Added Net: Name=NetD1_1
Added Pin To Net: NetName=NetR2_1 Pin=R2-1
Added Pin To Net: NetName=NetR2_1 Pin=R3-2
Added Pin To Net: NetName=NetR2_1 Pin=U2-3
Added Net: Name=NetR2_1
Added Pin To Net: NetName=NetU1_32 Pin=U1-32
Added Net: Name=NetU1_32
Added Pin To Net: NetName=NetU1_64 Pin=U1-64
Added Net: Name=NetU1_64
Added Pin To Net: NetName=VDDA Pin=C8-1
Added Pin To Net: NetName=VDDA Pin=L1-2
Added Pin To Net: NetName=VDDA Pin=L2-1
Added Pin To Net: NetName=VDDA Pin=U1-10
Added Net: Name=VDDA
Added Pin To Net: NetName=VREF+ Pin=C9-1
Added Pin To Net: NetName=VREF+ Pin=L2-2
Added Pin To Net: NetName=VREF+ Pin=U1-12
Added Net: Name=VREF+
Added Pin To Net: NetName=VREF- Pin=C9-2
Added Pin To Net: NetName=VREF- Pin=L4-2
Added Pin To Net: NetName=VREF- Pin=U1-15
Added Net: Name=VREF-
Added Pin To Net: NetName=VSSA Pin=C8-2
Added Pin To Net: NetName=VSSA Pin=L3-2
Added Pin To Net: NetName=VSSA Pin=L4-1
Added Pin To Net: NetName=VSSA Pin=U1-11
Added Net: Name=VSSA
Added Class: Name=U_AMP
Added Class: Name=U_JTAG
Added Class: Name=U_MCU
Added Class: Name=U_POWER
Added Class: Name=U_USB
Added Room: Name=U_AMP
Added Room: Name=U_JTAG
Added Room: Name=U_MCU
Added Room: Name=U_POWER
Added Room: Name=U_USB
