Removed Pin From Net: NetName=GND Pin=J1-2
Removed Pin From Net: NetName=3V3 Pin=U3-4
Change Component Designator: OldDesignator=C9 NewDesignator=C8
Change Component Designator: OldDesignator=C13 NewDesignator=C9
Change Component Designator: OldDesignator=C14 NewDesignator=C10
Change Component Designator: OldDesignator=C15 NewDesignator=C11
Change Component Designator: OldDesignator=C16 NewDesignator=C12
Change Component Designator: OldDesignator=C17 NewDesignator=C13
Change Component Designator: OldDesignator=C18 NewDesignator=C14
Change Component Designator: OldDesignator=C19 NewDesignator=C15
Change Component Designator: OldDesignator=C20 NewDesignator=C16
Change Component Designator: OldDesignator=C21 NewDesignator=C17
Change Component Designator: OldDesignator=C22 NewDesignator=C18
Added Pin To Net: NetName=3V3 Pin=U2-10
Added Pin To Net: NetName=GND Pin=U2-11
Added Pin To Net: NetName=3V3 Pin=U2-12
Added Pin To Net: NetName=GND Pin=U2-15
Change Net Name : Old Net Name=NetC20_1 New Net Name=NetC16_1
Change Net Name : Old Net Name=NetC21_2 New Net Name=NetC17_2
Change Net Name : Old Net Name=NetC22_1 New Net Name=NetC18_1
Added Room: Name=U_AMP
Added Room: Name=U_JTAG
Added Room: Name=U_MCU
Added Room: Name=U_POWER
Added Room: Name=U_USB
